Sat Aug 19 14:09:46 2017 Tracking terms from ../twython-keywords.txt
Starting stream 
Sat Aug 19 14:14:22 2017 Tracking terms from ../twython-keywords.txt
Starting stream 
Sat Aug 19 14:14:37 2017 Tracking terms from ../twython-keywords.txt
Starting stream 
Sat Aug 19 14:16:55 2017 Tracking terms from ../twython-keywords.txt
Starting stream 
Sat Aug 19 16:10:13 2017 Tracking terms from ../twython-keywords.txt
Starting stream 
Sat Aug 19 17:20:37 2017 Tracking terms from ../twython-keywords.txt
Starting stream 
Sat Aug 19 19:40:34 2017 Tracking terms from ../twython-keywords.txt
Starting stream 
Sat Aug 19 19:50:10 2017 Tracking terms from ../twython-keywords.txt
Starting stream 
Sat Aug 19 19:55:23 2017 Tracking terms from ../twython-keywords.txt
Starting stream 
Sun Aug 20 20:37:48 2017 Tracking terms from ../twython-keywords.txt
Starting stream 
Sun Aug 20 21:35:30 2017 Tracking terms from ../twython-keywords.txt
Starting stream 
Sun Aug 20 21:42:35 2017 Tracking terms from ../twython-keywords.txt
Starting stream 
Sun Aug 20 22:30:41 2017 Tracking terms from ../twython-keywords.txt
Starting stream 
Sun Aug 20 22:32:29 2017 Tracking terms from ../twython-keywords.txt
Starting stream 
Sun Aug 20 22:50:30 2017 Tracking terms from ../twython-keywords.txt
Starting stream 
Sun Aug 20 23:00:51 2017 Tracking terms from ../twython-keywords.txt
Starting stream 
Sun Aug 20 23:01:57 2017 Tracking terms from ../twython-keywords.txt
Starting stream 
Sun Aug 20 23:03:47 2017 Tracking terms from ../twython-keywords.txt
Starting stream 
Sun Aug 20 23:04:31 2017 Tracking terms from ../twython-keywords.txt
Starting stream 
Mon Aug 21 07:39:59 2017 Tracking terms from ../twython-keywords.txt
Starting stream 
Mon Aug 21 11:52:23 2017 Tracking terms from ../twython-keywords.txt
Starting stream 
Mon Aug 21 15:47:19 2017 Tracking terms from ../twython-keywords.txt
Starting stream 
Mon Aug 21 15:46:40 2017 Tracking terms from ../twython-keywords.txt
Starting stream 
Wed Aug 23 21:48:38 2017 Tracking terms from ../twython-keywords.txt
Starting stream 
Wed Aug 23 23:43:21 2017 Tracking terms from ../twython-keywords.txt
Starting stream 
Thu Aug 24 08:52:29 2017 Tracking terms from ../twython-keywords.txt
Starting stream 
Thu Aug 24 15:55:25 2017 Tracking terms from ../twython-keywords.txt
Starting stream 
Thu Aug 24 19:20:49 2017 Tracking terms from ../twython-keywords.txt
Starting stream 
